* using log directory ‘/home/mrnbdusk/parallelBS/man/parallelBS.Rcheck’
* using R version 3.1.2 (2014-10-31)
* using platform: x86_64-redhat-linux-gnu (64-bit)
* using session charset: UTF-8
* checking for file ‘parallelBS/DESCRIPTION’ ... OK
* checking extension type ... Package
* this is package ‘parallelBS’ version ‘1.0’
* checking package namespace information ... OK
* checking package dependencies ... OK
* checking if this is a source package ... NOTE
Found the following apparent object files/libraries:
  stuff/bs_cuda.so stuff/bs_omp.so
Object files/libraries should not be included in a source package.
* checking if there is a namespace ... OK
* checking for executable files ... OK
* checking for hidden files and directories ... OK
* checking for portable file names ... OK
* checking for sufficient/correct file permissions ... OK
* checking whether package ‘parallelBS’ can be installed ... WARNING
Found the following significant warnings:
  Warning: /home/mrnbdusk/parallelBS/man/parallelBS.Rcheck/00_pkg_src/parallelBS/man/parallelBS-package.Rd:33: All text must be in a section
  Warning: /home/mrnbdusk/parallelBS/man/parallelBS.Rcheck/00_pkg_src/parallelBS/man/parallelBS-package.Rd:34: All text must be in a section
See ‘/home/mrnbdusk/parallelBS/man/parallelBS.Rcheck/00install.out’ for details.
* checking installed package size ... OK
* checking package directory ... OK
* checking DESCRIPTION meta-information ... WARNING
Non-standard license specification:
  What license is it under?
Standardizable: FALSE
* checking top-level files ... OK
* checking for left-over files ... OK
* checking index information ... OK
* checking package subdirectories ... OK
* checking R files for non-ASCII characters ... OK
* checking R files for syntax errors ... OK
* checking whether the package can be loaded ... OK
* checking whether the package can be loaded with stated dependencies ... OK
* checking whether the package can be unloaded cleanly ... OK
* checking whether the namespace can be loaded with stated dependencies ... OK
* checking whether the namespace can be unloaded cleanly ... OK
* checking loading without being on the library search path ... OK
* checking dependencies in R code ... OK
* checking S3 generic/method consistency ... OK
* checking replacement functions ... OK
* checking foreign function calls ... WARNING
Foreign function calls without 'PACKAGE' argument:
  .Call("formMatrix", ...)
  .Call("formMatrix", ...)
See the chapter ‘System and foreign language interfaces’ of the
‘Writing R Extensions’ manual.
* checking R code for possible problems ... NOTE
bs: no visible global function definition for ‘makePSOCKcluster’
formMatrixSnow: no visible global function definition for
  ‘clusterApply’
* checking Rd files ... WARNING
prepare_Rd: basis.Rd:7-9: Dropping empty section \description
prepare_Rd: basis.Rd:28-30: Dropping empty section \details
prepare_Rd: basis.Rd:31-37: Dropping empty section \value
prepare_Rd: basis.Rd:44-46: Dropping empty section \note
prepare_Rd: basis.Rd:41-43: Dropping empty section \author
prepare_Rd: basis.Rd:38-40: Dropping empty section \references
prepare_Rd: basis.Rd:50-52: Dropping empty section \seealso
checkRd: (5) basis.Rd:0-81: Must have a \description
prepare_Rd: bs.Rd:7-9: Dropping empty section \description
prepare_Rd: bs.Rd:37-39: Dropping empty section \details
prepare_Rd: bs.Rd:40-46: Dropping empty section \value
prepare_Rd: bs.Rd:53-55: Dropping empty section \note
prepare_Rd: bs.Rd:50-52: Dropping empty section \author
prepare_Rd: bs.Rd:47-49: Dropping empty section \references
prepare_Rd: bs.Rd:59-61: Dropping empty section \seealso
checkRd: (5) bs.Rd:0-120: Must have a \description
prepare_Rd: formMatrixSnow.Rd:7-9: Dropping empty section \description
prepare_Rd: formMatrixSnow.Rd:31-33: Dropping empty section \details
prepare_Rd: formMatrixSnow.Rd:34-40: Dropping empty section \value
prepare_Rd: formMatrixSnow.Rd:47-49: Dropping empty section \note
prepare_Rd: formMatrixSnow.Rd:44-46: Dropping empty section \author
prepare_Rd: formMatrixSnow.Rd:41-43: Dropping empty section \references
prepare_Rd: formMatrixSnow.Rd:53-55: Dropping empty section \seealso
checkRd: (5) formMatrixSnow.Rd:0-92: Must have a \description
prepare_Rd: parallelBS-package.Rd:33: All text must be in a section
prepare_Rd: parallelBS-package.Rd:34: All text must be in a section
* checking Rd metadata ... OK
* checking Rd cross-references ... WARNING
Unknown package ‘<pkg>’ in Rd xrefs
* checking for missing documentation entries ... OK
* checking for code/documentation mismatches ... OK
* checking Rd \usage sections ... OK
* checking Rd contents ... OK
* checking for unstated dependencies in examples ... WARNING
Warning: parse error in file 'parallelBS-Ex.R':
172:11: unexpected symbol
171: 
172: ~~ simple examples
               ^
* checking examples ... ERROR
Running examples in ‘parallelBS-Ex.R’ failed
The error most likely occurred in:

> ### Name: parallelBS-package
> ### Title: What the package does (short line) ~~ package title ~~
> ### Aliases: parallelBS-package parallelBS
> ### Keywords: package
> 
> ### ** Examples
> 
> ~~ simple examples of the most important functions ~~
Error: unexpected symbol in "~~ simple examples"
Execution halted
